{
  message: 'Database is connected successfully',
  level: 'info',
  label: 'NME!',
  timestamp: '2024-11-29T05:45:47.736Z'
}
{
  message: 'Application listening on port 5001',
  level: 'info',
  label: 'NME!',
  timestamp: '2024-11-29T05:45:47.745Z'
}
{
  message: 'Database is connected successfully',
  level: 'info',
  label: 'NME!',
  timestamp: '2024-11-29T05:46:13.014Z'
}
{
  message: 'Application listening on port 5001',
  level: 'info',
  label: 'NME!',
  timestamp: '2024-11-29T05:46:13.025Z'
}
{
  message: 'Database is connected successfully',
  level: 'info',
  label: 'NME!',
  timestamp: '2024-11-29T05:46:17.994Z'
}
{
  message: 'Application listening on port 5001',
  level: 'info',
  label: 'NME!',
  timestamp: '2024-11-29T05:46:18.012Z'
}
{
  message: 'Database is connected successfully',
  level: 'info',
  label: 'NME!',
  timestamp: '2024-11-29T05:46:23.346Z'
}
{
  message: 'Application listening on port 5001',
  level: 'info',
  label: 'NME!',
  timestamp: '2024-11-29T05:46:23.371Z'
}
{
  message: 'Database is connected successfully',
  level: 'info',
  label: 'NME!',
  timestamp: '2024-11-29T05:47:56.976Z'
}
{
  message: 'Application listening on port 5001',
  level: 'info',
  label: 'NME!',
  timestamp: '2024-11-29T05:47:56.986Z'
}
{
  message: 'Database is connected successfully',
  level: 'info',
  label: 'NME!',
  timestamp: '2024-11-29T05:48:24.546Z'
}
{
  message: 'Application listening on port 5001',
  level: 'info',
  label: 'NME!',
  timestamp: '2024-11-29T05:48:24.573Z'
}
{
  message: 'Database is connected successfully',
  level: 'info',
  label: 'NME!',
  timestamp: '2024-11-29T05:51:11.654Z'
}
{
  message: 'Application listening on port 5001',
  level: 'info',
  label: 'NME!',
  timestamp: '2024-11-29T05:51:11.663Z'
}
{
  message: 'Database is connected successfully',
  level: 'info',
  label: 'NME!',
  timestamp: '2024-11-29T05:51:42.599Z'
}
{
  message: 'Application listening on port 5001',
  level: 'info',
  label: 'NME!',
  timestamp: '2024-11-29T05:51:42.609Z'
}
{
  message: 'Database is connected successfully',
  level: 'info',
  label: 'NME!',
  timestamp: '2024-11-29T05:51:53.814Z'
}
{
  message: 'Application listening on port 5001',
  level: 'info',
  label: 'NME!',
  timestamp: '2024-11-29T05:51:53.825Z'
}
{
  message: 'Database is connected successfully',
  level: 'info',
  label: 'NME!',
  timestamp: '2024-11-29T05:55:19.763Z'
}
{
  message: 'Application listening on port 5001',
  level: 'info',
  label: 'NME!',
  timestamp: '2024-11-29T05:55:19.776Z'
}
