{
  message: 'Database is connected successfully',
  level: 'info',
  label: 'NME!',
  timestamp: '2024-11-29T08:30:48.400Z'
}
{
  message: 'Application listening on port 5001',
  level: 'info',
  label: 'NME!',
  timestamp: '2024-11-29T08:30:48.425Z'
}
{
  message: 'Database is connected successfully',
  level: 'info',
  label: 'NME!',
  timestamp: '2024-11-29T08:31:15.541Z'
}
{
  message: 'Application listening on port 5001',
  level: 'info',
  label: 'NME!',
  timestamp: '2024-11-29T08:31:15.575Z'
}
{
  message: 'Database is connected successfully',
  level: 'info',
  label: 'NME!',
  timestamp: '2024-11-29T08:31:17.012Z'
}
{
  message: 'Application listening on port 5001',
  level: 'info',
  label: 'NME!',
  timestamp: '2024-11-29T08:31:17.025Z'
}
{
  message: 'Database is connected successfully',
  level: 'info',
  label: 'NME!',
  timestamp: '2024-11-29T08:32:09.810Z'
}
{
  message: 'Application listening on port 5001',
  level: 'info',
  label: 'NME!',
  timestamp: '2024-11-29T08:32:09.825Z'
}
{
  message: 'Database is connected successfully',
  level: 'info',
  label: 'NME!',
  timestamp: '2024-11-29T08:33:56.185Z'
}
{
  message: 'Application listening on port 5001',
  level: 'info',
  label: 'NME!',
  timestamp: '2024-11-29T08:33:56.196Z'
}
{
  message: 'Database is connected successfully',
  level: 'info',
  label: 'NME!',
  timestamp: '2024-11-29T08:34:03.218Z'
}
{
  message: 'Application listening on port 5001',
  level: 'info',
  label: 'NME!',
  timestamp: '2024-11-29T08:34:03.228Z'
}
{
  message: 'Database is connected successfully',
  level: 'info',
  label: 'NME!',
  timestamp: '2024-11-29T08:35:35.653Z'
}
{
  message: 'Application listening on port 5001',
  level: 'info',
  label: 'NME!',
  timestamp: '2024-11-29T08:35:35.674Z'
}
{
  message: 'Database is connected successfully',
  level: 'info',
  label: 'NME!',
  timestamp: '2024-11-29T08:36:25.072Z'
}
{
  message: 'Application listening on port 5001',
  level: 'info',
  label: 'NME!',
  timestamp: '2024-11-29T08:36:25.083Z'
}
{
  message: 'Database is connected successfully',
  level: 'info',
  label: 'NME!',
  timestamp: '2024-11-29T08:36:38.301Z'
}
{
  message: 'Application listening on port 5001',
  level: 'info',
  label: 'NME!',
  timestamp: '2024-11-29T08:36:38.316Z'
}
{
  message: 'Database is connected successfully',
  level: 'info',
  label: 'NME!',
  timestamp: '2024-11-29T08:36:44.699Z'
}
{
  message: 'Application listening on port 5001',
  level: 'info',
  label: 'NME!',
  timestamp: '2024-11-29T08:36:44.710Z'
}
{
  message: 'Database is connected successfully',
  level: 'info',
  label: 'NME!',
  timestamp: '2024-11-29T08:37:22.508Z'
}
{
  message: 'Application listening on port 5001',
  level: 'info',
  label: 'NME!',
  timestamp: '2024-11-29T08:37:22.522Z'
}
{
  message: 'Database is connected successfully',
  level: 'info',
  label: 'NME!',
  timestamp: '2024-11-29T08:39:16.475Z'
}
{
  message: 'Application listening on port 5001',
  level: 'info',
  label: 'NME!',
  timestamp: '2024-11-29T08:39:16.486Z'
}
{
  message: 'Database is connected successfully',
  level: 'info',
  label: 'NME!',
  timestamp: '2024-11-29T08:40:12.626Z'
}
{
  message: 'Application listening on port 5001',
  level: 'info',
  label: 'NME!',
  timestamp: '2024-11-29T08:40:12.637Z'
}
{
  message: 'Database is connected successfully',
  level: 'info',
  label: 'NME!',
  timestamp: '2024-11-29T08:40:57.835Z'
}
{
  message: 'Application listening on port 5001',
  level: 'info',
  label: 'NME!',
  timestamp: '2024-11-29T08:40:57.845Z'
}
{
  message: 'Database is connected successfully',
  level: 'info',
  label: 'NME!',
  timestamp: '2024-11-29T08:43:56.607Z'
}
{
  message: 'Application listening on port 5001',
  level: 'info',
  label: 'NME!',
  timestamp: '2024-11-29T08:43:56.618Z'
}
{
  message: 'Database is connected successfully',
  level: 'info',
  label: 'NME!',
  timestamp: '2024-11-29T08:44:08.948Z'
}
{
  message: 'Application listening on port 5001',
  level: 'info',
  label: 'NME!',
  timestamp: '2024-11-29T08:44:08.960Z'
}
{
  message: 'Database is connected successfully',
  level: 'info',
  label: 'NME!',
  timestamp: '2024-11-29T08:44:10.675Z'
}
{
  message: 'Application listening on port 5001',
  level: 'info',
  label: 'NME!',
  timestamp: '2024-11-29T08:44:10.686Z'
}
{
  message: 'Database is connected successfully',
  level: 'info',
  label: 'NME!',
  timestamp: '2024-11-29T08:45:08.004Z'
}
{
  message: 'Application listening on port 5001',
  level: 'info',
  label: 'NME!',
  timestamp: '2024-11-29T08:45:08.016Z'
}
